Arguments: 
  /usr/local/bin/node /usr/local/bin/yarn install

PATH: 
  /root/.bun/bin:/root/.vscode-server/bin/31c37ee8f63491495ac49e43b8544550fbae4533/bin/remote-cli:/root/.bun/bin:/root/.local/share/pnpm:/usr/local/sbin:/usr/local/bin:/usr/sbin:/usr/bin:/sbin:/bin:/usr/games:/usr/local/games:/usr/lib/wsl/lib:/mnt/c/Windows/system32:/mnt/c/Windows:/mnt/c/Windows/System32/Wbem:/mnt/c/Windows/System32/WindowsPowerShell/v1.0/:/mnt/c/Windows/System32/OpenSSH/:/mnt/c/Program Files (x86)/NVIDIA Corporation/PhysX/Common:/mnt/c/Program Files/NVIDIA Corporation/NVIDIA NvDLISR:/mnt/c/Program Files/Cloudflare/Cloudflare WARP/:/Docker/host/bin:/mnt/c/Users/bryns/AppData/Local/Microsoft/WindowsApps:/mnt/c/Users/bryns/AppData/Local/Programs/Microsoft VS Code/bin

Yarn version: 
  1.22.19

Node version: 
  20.10.0

Platform: 
  linux x64

Trace: 
  Error: ENOENT: no such file or directory, copyfile '/usr/local/share/.cache/yarn/v6/npm-ms-2.1.2-d09d1f357b443f493382a8eb3ccd183872ae6009-integrity/node_modules/ms/license.md' -> '/root/projects/brynshanahan-com/node_modules/@eslint/eslintrc/node_modules/ms/license.md'

npm manifest: 
  {
    "name": "brynshanahan.com",
    "description": "Website template for Payload",
    "version": "1.0.0",
    "main": "dist/server.js",
    "license": "MIT",
    "scripts": {
      "dev": "cross-env PAYLOAD_CONFIG_PATH=src/payload/payload.config.ts nodemon",
      "seed": "rm -rf media && cross-env PAYLOAD_SEED=true PAYLOAD_DROP_DATABASE=true PAYLOAD_CONFIG_PATH=src/payload/payload.config.ts ts-node src/server.ts",
      "build:payload": "cross-env PAYLOAD_CONFIG_PATH=src/payload/payload.config.ts payload build",
      "build:server": "tsc --project tsconfig.server.json",
      "build:next": "cross-env PAYLOAD_CONFIG_PATH=dist/payload/payload.config.js NEXT_BUILD=true node dist/server.js",
      "build": "cross-env NODE_ENV=production yarn build:payload && yarn build:server && yarn copyfiles && yarn build:next",
      "serve": "cross-env PAYLOAD_CONFIG_PATH=dist/payload/payload.config.js NODE_ENV=production node dist/server.js",
      "eject": "yarn remove next react react-dom @next/eslint-plugin-next && ts-node eject.ts",
      "copyfiles": "copyfiles -u 1 \"src/**/*.{html,css,scss,ttf,woff,woff2,eot,svg,jpg,png,js}\" dist/",
      "generate:types": "cross-env PAYLOAD_CONFIG_PATH=src/payload/payload.config.ts payload generate:types",
      "generate:graphQLSchema": "cross-env PAYLOAD_CONFIG_PATH=src/payload/payload.config.ts payload generate:graphQLSchema",
      "lint": "eslint src",
      "lint:fix": "eslint --fix --ext .ts,.tsx src",
      "payload": "cross-env PAYLOAD_CONFIG_PATH=src/payload/payload.config.ts payload"
    },
    "dependencies": {
      "@payloadcms/bundler-webpack": "^1.0.0",
      "@payloadcms/db-postgres": "^0.x",
      "@payloadcms/plugin-cloud": "^3.0.0",
      "@payloadcms/plugin-nested-docs": "^1.0.8",
      "@payloadcms/plugin-redirects": "^1.0.0",
      "@payloadcms/plugin-seo": "^1.0.10",
      "@payloadcms/richtext-slate": "^1.0.0",
      "cross-env": "^7.0.3",
      "dotenv": "^8.2.0",
      "escape-html": "^1.0.3",
      "express": "^4.17.1",
      "next": "13.5.2",
      "payload": "^2.0.0",
      "payload-admin-bar": "^1.0.6",
      "qs": "6.11.2",
      "react": "^18.2.0",
      "react-dom": "^18.2.0",
      "react-hook-form": "7.45.4",
      "react-router-dom": "5.3.4"
    },
    "devDependencies": {
      "@next/eslint-plugin-next": "^13.1.6",
      "@payloadcms/eslint-config": "^0.0.1",
      "@swc/core": "1.3.76",
      "@types/escape-html": "^1.0.2",
      "@types/express": "^4.17.9",
      "@types/node": "18.11.3",
      "@types/qs": "^6.9.8",
      "@types/react": "18.0.21",
      "@typescript-eslint/eslint-plugin": "^5.51.0",
      "@typescript-eslint/parser": "^5.51.0",
      "copyfiles": "^2.4.1",
      "eslint": "^8.19.0",
      "eslint-config-prettier": "^8.5.0",
      "eslint-import-resolver-alias": "^1.1.2",
      "eslint-plugin-filenames": "^1.3.2",
      "eslint-plugin-import": "2.25.4",
      "eslint-plugin-prettier": "^4.0.0",
      "eslint-plugin-react-hooks": "^4.6.0",
      "eslint-plugin-simple-import-sort": "^10.0.0",
      "nodemon": "^2.0.6",
      "prettier": "^2.7.1",
      "slate": "0.91.4",
      "ts-node": "10.9.1",
      "typescript": "^4.8.4"
    }
  }

yarn manifest: 
  No manifest

Lockfile: 
  No lockfile
